<?xml version="1.0" encoding="UTF-8"?>
<robot generator="Robot 6.0.1 (Python 3.11.0 on win32)" generated="20230111 11:03:14.659" rpa="false" schemaversion="3">
<suite id="s1" name="DDT-XLS" source="C:\pythonProject\pythonProject\pythonProject\RobotFWTutorial\DDT\TestCases\DDT-XLS.robot">
<kw name="Start Testcase" library="Common" type="SETUP">
<kw name="Open Browser" library="SeleniumLibrary">
<arg>${url}</arg>
<arg>${browser}</arg>
<doc>Opens a new browser instance to the optional ``url``.</doc>
<msg timestamp="20230111 11:03:15.509" level="INFO">Opening browser 'chrome' to base url 'https://www.saucedemo.com/'.</msg>
<status status="PASS" starttime="20230111 11:03:15.508" endtime="20230111 11:03:17.674"/>
</kw>
<kw name="Maximize Browser Window" library="SeleniumLibrary">
<doc>Maximizes current browser window.</doc>
<status status="PASS" starttime="20230111 11:03:17.675" endtime="20230111 11:03:17.794"/>
</kw>
<status status="PASS" starttime="20230111 11:03:15.508" endtime="20230111 11:03:17.795"/>
</kw>
<test id="s1-t1" name="Verify Login Fails With Invalid Creds" line="19">
<kw name="Invalid Login Scenarios">
<arg>${EMPTY}</arg>
<arg>${EMPTY}</arg>
<arg>Epic sadface: Username is required</arg>
<kw name="Clear Element Text" library="SeleniumLibrary">
<arg>${txtbox_username}</arg>
<doc>Clears the value of the text-input-element identified by ``locator``.</doc>
<status status="PASS" starttime="20230111 11:03:17.799" endtime="20230111 11:03:17.858"/>
</kw>
<kw name="Clear Element Text" library="SeleniumLibrary">
<arg>${txtbox_password}</arg>
<doc>Clears the value of the text-input-element identified by ``locator``.</doc>
<status status="PASS" starttime="20230111 11:03:17.859" endtime="20230111 11:03:17.911"/>
</kw>
<kw name="Input Text" library="SeleniumLibrary">
<arg>${txtbox_username}</arg>
<arg>${username}</arg>
<doc>Types the given ``text`` into the text field identified by ``locator``.</doc>
<msg timestamp="20230111 11:03:17.913" level="INFO">Typing text '' into text field 'id:user-name'.</msg>
<status status="PASS" starttime="20230111 11:03:17.912" endtime="20230111 11:03:17.996"/>
</kw>
<kw name="Input Text" library="SeleniumLibrary">
<arg>${txtbox_password}</arg>
<arg>${password}</arg>
<doc>Types the given ``text`` into the text field identified by ``locator``.</doc>
<msg timestamp="20230111 11:03:17.997" level="INFO">Typing text '' into text field 'id:password'.</msg>
<status status="PASS" starttime="20230111 11:03:17.996" endtime="20230111 11:03:18.071"/>
</kw>
<kw name="Click Button" library="SeleniumLibrary">
<arg>${btn_login}</arg>
<doc>Clicks the button identified by ``locator``.</doc>
<msg timestamp="20230111 11:03:18.072" level="INFO">Clicking button 'name: login-button'.</msg>
<status status="PASS" starttime="20230111 11:03:18.071" endtime="20230111 11:03:18.144"/>
</kw>
<kw name="Element Should Contain" library="SeleniumLibrary">
<arg>${txt_error}</arg>
<arg>${error_msg}</arg>
<doc>Verifies that element ``locator`` contains text ``expected``.</doc>
<msg timestamp="20230111 11:03:18.175" level="INFO">Element '//*[@data-test="error"]' contains text 'Epic sadface: Username is required'.</msg>
<status status="PASS" starttime="20230111 11:03:18.145" endtime="20230111 11:03:18.175"/>
</kw>
<status status="PASS" starttime="20230111 11:03:17.798" endtime="20230111 11:03:18.175"/>
</kw>
<status status="PASS" starttime="20230111 11:03:17.795" endtime="20230111 11:03:18.176"/>
</test>
<test id="s1-t2" name="Verify Login Fails With Invalid Creds" line="19">
<kw name="Invalid Login Scenarios">
<arg>${EMPTY}</arg>
<arg>secret_sauce</arg>
<arg>Epic sadface: Username is required</arg>
<kw name="Clear Element Text" library="SeleniumLibrary">
<arg>${txtbox_username}</arg>
<doc>Clears the value of the text-input-element identified by ``locator``.</doc>
<status status="PASS" starttime="20230111 11:03:18.182" endtime="20230111 11:03:18.207"/>
</kw>
<kw name="Clear Element Text" library="SeleniumLibrary">
<arg>${txtbox_password}</arg>
<doc>Clears the value of the text-input-element identified by ``locator``.</doc>
<status status="PASS" starttime="20230111 11:03:18.207" endtime="20230111 11:03:18.232"/>
</kw>
<kw name="Input Text" library="SeleniumLibrary">
<arg>${txtbox_username}</arg>
<arg>${username}</arg>
<doc>Types the given ``text`` into the text field identified by ``locator``.</doc>
<msg timestamp="20230111 11:03:18.233" level="INFO">Typing text '' into text field 'id:user-name'.</msg>
<status status="PASS" starttime="20230111 11:03:18.232" endtime="20230111 11:03:18.285"/>
</kw>
<kw name="Input Text" library="SeleniumLibrary">
<arg>${txtbox_password}</arg>
<arg>${password}</arg>
<doc>Types the given ``text`` into the text field identified by ``locator``.</doc>
<msg timestamp="20230111 11:03:18.286" level="INFO">Typing text 'secret_sauce' into text field 'id:password'.</msg>
<status status="PASS" starttime="20230111 11:03:18.285" endtime="20230111 11:03:18.361"/>
</kw>
<kw name="Click Button" library="SeleniumLibrary">
<arg>${btn_login}</arg>
<doc>Clicks the button identified by ``locator``.</doc>
<msg timestamp="20230111 11:03:18.361" level="INFO">Clicking button 'name: login-button'.</msg>
<status status="PASS" starttime="20230111 11:03:18.361" endtime="20230111 11:03:18.393"/>
</kw>
<kw name="Element Should Contain" library="SeleniumLibrary">
<arg>${txt_error}</arg>
<arg>${error_msg}</arg>
<doc>Verifies that element ``locator`` contains text ``expected``.</doc>
<msg timestamp="20230111 11:03:18.409" level="INFO">Element '//*[@data-test="error"]' contains text 'Epic sadface: Username is required'.</msg>
<status status="PASS" starttime="20230111 11:03:18.393" endtime="20230111 11:03:18.409"/>
</kw>
<status status="PASS" starttime="20230111 11:03:18.180" endtime="20230111 11:03:18.409"/>
</kw>
<status status="PASS" starttime="20230111 11:03:18.177" endtime="20230111 11:03:18.409"/>
</test>
<test id="s1-t3" name="Verify Login Fails With Invalid Creds" line="19">
<kw name="Invalid Login Scenarios">
<arg>standart_us</arg>
<arg>secret_sauce</arg>
<arg>Epic sadface: Username and password do not match any user in this service</arg>
<kw name="Clear Element Text" library="SeleniumLibrary">
<arg>${txtbox_username}</arg>
<doc>Clears the value of the text-input-element identified by ``locator``.</doc>
<status status="PASS" starttime="20230111 11:03:18.412" endtime="20230111 11:03:18.434"/>
</kw>
<kw name="Clear Element Text" library="SeleniumLibrary">
<arg>${txtbox_password}</arg>
<doc>Clears the value of the text-input-element identified by ``locator``.</doc>
<status status="PASS" starttime="20230111 11:03:18.434" endtime="20230111 11:03:18.460"/>
</kw>
<kw name="Input Text" library="SeleniumLibrary">
<arg>${txtbox_username}</arg>
<arg>${username}</arg>
<doc>Types the given ``text`` into the text field identified by ``locator``.</doc>
<msg timestamp="20230111 11:03:18.461" level="INFO">Typing text 'standart_us' into text field 'id:user-name'.</msg>
<status status="PASS" starttime="20230111 11:03:18.460" endtime="20230111 11:03:18.533"/>
</kw>
<kw name="Input Text" library="SeleniumLibrary">
<arg>${txtbox_password}</arg>
<arg>${password}</arg>
<doc>Types the given ``text`` into the text field identified by ``locator``.</doc>
<msg timestamp="20230111 11:03:18.534" level="INFO">Typing text 'secret_sauce' into text field 'id:password'.</msg>
<status status="PASS" starttime="20230111 11:03:18.534" endtime="20230111 11:03:18.606"/>
</kw>
<kw name="Click Button" library="SeleniumLibrary">
<arg>${btn_login}</arg>
<doc>Clicks the button identified by ``locator``.</doc>
<msg timestamp="20230111 11:03:18.607" level="INFO">Clicking button 'name: login-button'.</msg>
<status status="PASS" starttime="20230111 11:03:18.606" endtime="20230111 11:03:18.639"/>
</kw>
<kw name="Element Should Contain" library="SeleniumLibrary">
<arg>${txt_error}</arg>
<arg>${error_msg}</arg>
<doc>Verifies that element ``locator`` contains text ``expected``.</doc>
<msg timestamp="20230111 11:03:18.654" level="INFO">Element '//*[@data-test="error"]' contains text 'Epic sadface: Username and password do not match any user in this service'.</msg>
<status status="PASS" starttime="20230111 11:03:18.639" endtime="20230111 11:03:18.654"/>
</kw>
<status status="PASS" starttime="20230111 11:03:18.411" endtime="20230111 11:03:18.654"/>
</kw>
<status status="PASS" starttime="20230111 11:03:18.410" endtime="20230111 11:03:18.654"/>
</test>
<test id="s1-t4" name="Verify Login Fails With Invalid Creds" line="19">
<kw name="Invalid Login Scenarios">
<arg>locked_out_user</arg>
<arg>secret_sauce</arg>
<arg>Epic sadface: Sorry, this user has been locked out.</arg>
<kw name="Clear Element Text" library="SeleniumLibrary">
<arg>${txtbox_username}</arg>
<doc>Clears the value of the text-input-element identified by ``locator``.</doc>
<status status="PASS" starttime="20230111 11:03:18.656" endtime="20230111 11:03:18.683"/>
</kw>
<kw name="Clear Element Text" library="SeleniumLibrary">
<arg>${txtbox_password}</arg>
<doc>Clears the value of the text-input-element identified by ``locator``.</doc>
<status status="PASS" starttime="20230111 11:03:18.683" endtime="20230111 11:03:18.709"/>
</kw>
<kw name="Input Text" library="SeleniumLibrary">
<arg>${txtbox_username}</arg>
<arg>${username}</arg>
<doc>Types the given ``text`` into the text field identified by ``locator``.</doc>
<msg timestamp="20230111 11:03:18.710" level="INFO">Typing text 'locked_out_user' into text field 'id:user-name'.</msg>
<status status="PASS" starttime="20230111 11:03:18.709" endtime="20230111 11:03:18.786"/>
</kw>
<kw name="Input Text" library="SeleniumLibrary">
<arg>${txtbox_password}</arg>
<arg>${password}</arg>
<doc>Types the given ``text`` into the text field identified by ``locator``.</doc>
<msg timestamp="20230111 11:03:18.786" level="INFO">Typing text 'secret_sauce' into text field 'id:password'.</msg>
<status status="PASS" starttime="20230111 11:03:18.786" endtime="20230111 11:03:18.857"/>
</kw>
<kw name="Click Button" library="SeleniumLibrary">
<arg>${btn_login}</arg>
<doc>Clicks the button identified by ``locator``.</doc>
<msg timestamp="20230111 11:03:18.858" level="INFO">Clicking button 'name: login-button'.</msg>
<status status="PASS" starttime="20230111 11:03:18.858" endtime="20230111 11:03:18.896"/>
</kw>
<kw name="Element Should Contain" library="SeleniumLibrary">
<arg>${txt_error}</arg>
<arg>${error_msg}</arg>
<doc>Verifies that element ``locator`` contains text ``expected``.</doc>
<msg timestamp="20230111 11:03:18.913" level="INFO">Element '//*[@data-test="error"]' contains text 'Epic sadface: Sorry, this user has been locked out.'.</msg>
<status status="PASS" starttime="20230111 11:03:18.896" endtime="20230111 11:03:18.914"/>
</kw>
<status status="PASS" starttime="20230111 11:03:18.656" endtime="20230111 11:03:18.914"/>
</kw>
<status status="PASS" starttime="20230111 11:03:18.655" endtime="20230111 11:03:18.915"/>
</test>
<test id="s1-t5" name="Verify Login Fails With Invalid Creds" line="19">
<kw name="Invalid Login Scenarios">
<arg>standart_user</arg>
<arg>wrongpass</arg>
<arg>Epic sadface: Username and password do not match any user in this service</arg>
<kw name="Clear Element Text" library="SeleniumLibrary">
<arg>${txtbox_username}</arg>
<doc>Clears the value of the text-input-element identified by ``locator``.</doc>
<status status="PASS" starttime="20230111 11:03:18.917" endtime="20230111 11:03:18.940"/>
</kw>
<kw name="Clear Element Text" library="SeleniumLibrary">
<arg>${txtbox_password}</arg>
<doc>Clears the value of the text-input-element identified by ``locator``.</doc>
<status status="PASS" starttime="20230111 11:03:18.940" endtime="20230111 11:03:18.971"/>
</kw>
<kw name="Input Text" library="SeleniumLibrary">
<arg>${txtbox_username}</arg>
<arg>${username}</arg>
<doc>Types the given ``text`` into the text field identified by ``locator``.</doc>
<msg timestamp="20230111 11:03:18.971" level="INFO">Typing text 'standart_user' into text field 'id:user-name'.</msg>
<status status="PASS" starttime="20230111 11:03:18.971" endtime="20230111 11:03:19.040"/>
</kw>
<kw name="Input Text" library="SeleniumLibrary">
<arg>${txtbox_password}</arg>
<arg>${password}</arg>
<doc>Types the given ``text`` into the text field identified by ``locator``.</doc>
<msg timestamp="20230111 11:03:19.041" level="INFO">Typing text 'wrongpass' into text field 'id:password'.</msg>
<status status="PASS" starttime="20230111 11:03:19.040" endtime="20230111 11:03:19.105"/>
</kw>
<kw name="Click Button" library="SeleniumLibrary">
<arg>${btn_login}</arg>
<doc>Clicks the button identified by ``locator``.</doc>
<msg timestamp="20230111 11:03:19.106" level="INFO">Clicking button 'name: login-button'.</msg>
<status status="PASS" starttime="20230111 11:03:19.105" endtime="20230111 11:03:19.140"/>
</kw>
<kw name="Element Should Contain" library="SeleniumLibrary">
<arg>${txt_error}</arg>
<arg>${error_msg}</arg>
<doc>Verifies that element ``locator`` contains text ``expected``.</doc>
<msg timestamp="20230111 11:03:19.153" level="INFO">Element '//*[@data-test="error"]' contains text 'Epic sadface: Username and password do not match any user in this service'.</msg>
<status status="PASS" starttime="20230111 11:03:19.140" endtime="20230111 11:03:19.154"/>
</kw>
<status status="PASS" starttime="20230111 11:03:18.917" endtime="20230111 11:03:19.154"/>
</kw>
<status status="PASS" starttime="20230111 11:03:18.916" endtime="20230111 11:03:19.154"/>
</test>
<test id="s1-t6" name="Verify Login Fails With Invalid Creds" line="19">
<kw name="Invalid Login Scenarios">
<arg>wronguser</arg>
<arg>wrongpass</arg>
<arg>Epic sadface: Username and password do not match any user in this service</arg>
<kw name="Clear Element Text" library="SeleniumLibrary">
<arg>${txtbox_username}</arg>
<doc>Clears the value of the text-input-element identified by ``locator``.</doc>
<status status="PASS" starttime="20230111 11:03:19.156" endtime="20230111 11:03:19.183"/>
</kw>
<kw name="Clear Element Text" library="SeleniumLibrary">
<arg>${txtbox_password}</arg>
<doc>Clears the value of the text-input-element identified by ``locator``.</doc>
<status status="PASS" starttime="20230111 11:03:19.183" endtime="20230111 11:03:19.214"/>
</kw>
<kw name="Input Text" library="SeleniumLibrary">
<arg>${txtbox_username}</arg>
<arg>${username}</arg>
<doc>Types the given ``text`` into the text field identified by ``locator``.</doc>
<msg timestamp="20230111 11:03:19.215" level="INFO">Typing text 'wronguser' into text field 'id:user-name'.</msg>
<status status="PASS" starttime="20230111 11:03:19.215" endtime="20230111 11:03:19.279"/>
</kw>
<kw name="Input Text" library="SeleniumLibrary">
<arg>${txtbox_password}</arg>
<arg>${password}</arg>
<doc>Types the given ``text`` into the text field identified by ``locator``.</doc>
<msg timestamp="20230111 11:03:19.280" level="INFO">Typing text 'wrongpass' into text field 'id:password'.</msg>
<status status="PASS" starttime="20230111 11:03:19.279" endtime="20230111 11:03:19.350"/>
</kw>
<kw name="Click Button" library="SeleniumLibrary">
<arg>${btn_login}</arg>
<doc>Clicks the button identified by ``locator``.</doc>
<msg timestamp="20230111 11:03:19.351" level="INFO">Clicking button 'name: login-button'.</msg>
<status status="PASS" starttime="20230111 11:03:19.350" endtime="20230111 11:03:19.385"/>
</kw>
<kw name="Element Should Contain" library="SeleniumLibrary">
<arg>${txt_error}</arg>
<arg>${error_msg}</arg>
<doc>Verifies that element ``locator`` contains text ``expected``.</doc>
<msg timestamp="20230111 11:03:19.399" level="INFO">Element '//*[@data-test="error"]' contains text 'Epic sadface: Username and password do not match any user in this service'.</msg>
<status status="PASS" starttime="20230111 11:03:19.385" endtime="20230111 11:03:19.399"/>
</kw>
<status status="PASS" starttime="20230111 11:03:19.156" endtime="20230111 11:03:19.399"/>
</kw>
<status status="PASS" starttime="20230111 11:03:19.155" endtime="20230111 11:03:19.400"/>
</test>
<kw name="Finish Testcase" library="Common" type="TEARDOWN">
<kw name="Close Browser" library="SeleniumLibrary">
<doc>Closes the current browser.</doc>
<status status="PASS" starttime="20230111 11:03:19.401" endtime="20230111 11:03:21.557"/>
</kw>
<status status="PASS" starttime="20230111 11:03:19.401" endtime="20230111 11:03:21.557"/>
</kw>
<status status="PASS" starttime="20230111 11:03:14.661" endtime="20230111 11:03:21.557"/>
</suite>
<statistics>
<total>
<stat pass="6" fail="0" skip="0">All Tests</stat>
</total>
<tag>
</tag>
<suite>
<stat pass="6" fail="0" skip="0" id="s1" name="DDT-XLS">DDT-XLS</stat>
</suite>
</statistics>
<errors>
<msg timestamp="20230111 11:03:18.177" level="WARN">Multiple tests with name 'Verify Login Fails With Invalid Creds' executed in suite 'DDT-XLS'.</msg>
<msg timestamp="20230111 11:03:18.410" level="WARN">Multiple tests with name 'Verify Login Fails With Invalid Creds' executed in suite 'DDT-XLS'.</msg>
<msg timestamp="20230111 11:03:18.655" level="WARN">Multiple tests with name 'Verify Login Fails With Invalid Creds' executed in suite 'DDT-XLS'.</msg>
<msg timestamp="20230111 11:03:18.916" level="WARN">Multiple tests with name 'Verify Login Fails With Invalid Creds' executed in suite 'DDT-XLS'.</msg>
<msg timestamp="20230111 11:03:19.155" level="WARN">Multiple tests with name 'Verify Login Fails With Invalid Creds' executed in suite 'DDT-XLS'.</msg>
</errors>
</robot>
